[debug] [2024-06-04T17:08:42.220Z] ----------------------------------------------------------------------
[debug] [2024-06-04T17:08:42.221Z] Command:       /opt/homebrew/Cellar/node/22.2.0/bin/node /opt/homebrew/bin/firebase deploy
[debug] [2024-06-04T17:08:42.222Z] CLI Version:   13.10.2
[debug] [2024-06-04T17:08:42.222Z] Platform:      darwin
[debug] [2024-06-04T17:08:42.222Z] Node Version:  v22.2.0
[debug] [2024-06-04T17:08:42.222Z] Time:          Tue Jun 04 2024 13:08:42 GMT-0400 (Eastern Daylight Time)
[debug] [2024-06-04T17:08:42.222Z] ----------------------------------------------------------------------
[debug] 
[debug] [2024-06-04T17:08:42.223Z] >>> [apiv2][query] GET https://firebase-public.firebaseio.com/cli.json [none]
[debug] [2024-06-04T17:08:42.271Z] > command requires scopes: ["email","openid","https://www.googleapis.com/auth/cloudplatformprojects.readonly","https://www.googleapis.com/auth/firebase","https://www.googleapis.com/auth/cloud-platform"]
[debug] [2024-06-04T17:08:42.271Z] > authorizing via signed-in user (jeremy123jeremy@gmail.com)
[debug] [2024-06-04T17:08:42.271Z] [iam] checking project liquid-disguise-eabf8 for permissions ["firebase.projects.get","firebasehosting.sites.update"]
[debug] [2024-06-04T17:08:42.271Z] > refreshing access token with scopes: []
[debug] [2024-06-04T17:08:42.272Z] >>> [apiv2][query] POST https://www.googleapis.com/oauth2/v3/token [none]
[debug] [2024-06-04T17:08:42.272Z] >>> [apiv2][body] POST https://www.googleapis.com/oauth2/v3/token [omitted]
[debug] [2024-06-04T17:08:42.407Z] <<< [apiv2][status] GET https://firebase-public.firebaseio.com/cli.json 200
[debug] [2024-06-04T17:08:42.407Z] <<< [apiv2][body] GET https://firebase-public.firebaseio.com/cli.json {"cloudBuildErrorAfter":1594252800000,"cloudBuildWarnAfter":1590019200000,"defaultNode10After":1594252800000,"minVersion":"3.0.5","node8DeploysDisabledAfter":1613390400000,"node8RuntimeDisabledAfter":1615809600000,"node8WarnAfter":1600128000000}
[debug] [2024-06-04T17:08:42.450Z] <<< [apiv2][status] POST https://www.googleapis.com/oauth2/v3/token 400
[debug] [2024-06-04T17:08:42.450Z] <<< [apiv2][body] POST https://www.googleapis.com/oauth2/v3/token [omitted]
[debug] [2024-06-04T17:08:42.450Z] >>> [apiv2][query] POST https://cloudresourcemanager.googleapis.com/v1/projects/liquid-disguise-eabf8:testIamPermissions [none]
[debug] [2024-06-04T17:08:42.451Z] >>> [apiv2][(partial)header] POST https://cloudresourcemanager.googleapis.com/v1/projects/liquid-disguise-eabf8:testIamPermissions x-goog-quota-user=projects/liquid-disguise-eabf8
[debug] [2024-06-04T17:08:42.451Z] >>> [apiv2][body] POST https://cloudresourcemanager.googleapis.com/v1/projects/liquid-disguise-eabf8:testIamPermissions {"permissions":["firebase.projects.get","firebasehosting.sites.update"]}
[debug] [2024-06-04T17:08:42.643Z] <<< [apiv2][status] POST https://cloudresourcemanager.googleapis.com/v1/projects/liquid-disguise-eabf8:testIamPermissions 401
[debug] [2024-06-04T17:08:42.643Z] <<< [apiv2][body] POST https://cloudresourcemanager.googleapis.com/v1/projects/liquid-disguise-eabf8:testIamPermissions {"error":{"code":401,"message":"Request had invalid authentication credentials. Expected OAuth 2 access token, login cookie or other valid authentication credential. See https://developers.google.com/identity/sign-in/web/devconsole-project.","status":"UNAUTHENTICATED","details":[{"@type":"type.googleapis.com/google.rpc.ErrorInfo","reason":"ACCESS_TOKEN_TYPE_UNSUPPORTED","metadata":{"service":"cloudresourcemanager.googleapis.com","method":"google.cloudresourcemanager.v1.Projects.TestIamPermissions"}}]}}
[debug] [2024-06-04T17:08:42.643Z] [iam] error while checking permissions, command may fail: FirebaseError: HTTP Error: 401, Request had invalid authentication credentials. Expected OAuth 2 access token, login cookie or other valid authentication credential. See https://developers.google.com/identity/sign-in/web/devconsole-project.
[debug] [2024-06-04T17:08:42.643Z] > refreshing access token with scopes: []
[debug] [2024-06-04T17:08:42.644Z] >>> [apiv2][query] POST https://www.googleapis.com/oauth2/v3/token [none]
[debug] [2024-06-04T17:08:42.644Z] >>> [apiv2][body] POST https://www.googleapis.com/oauth2/v3/token [omitted]
[debug] [2024-06-04T17:08:42.732Z] <<< [apiv2][status] POST https://www.googleapis.com/oauth2/v3/token 400
[debug] [2024-06-04T17:08:42.732Z] <<< [apiv2][body] POST https://www.googleapis.com/oauth2/v3/token [omitted]
[debug] [2024-06-04T17:08:42.733Z] >>> [apiv2][query] GET https://firebase.googleapis.com/v1beta1/projects/liquid-disguise-eabf8 [none]
[debug] [2024-06-04T17:08:42.961Z] <<< [apiv2][status] GET https://firebase.googleapis.com/v1beta1/projects/liquid-disguise-eabf8 401
[debug] [2024-06-04T17:08:42.961Z] <<< [apiv2][body] GET https://firebase.googleapis.com/v1beta1/projects/liquid-disguise-eabf8 {"error":{"code":401,"message":"Request had invalid authentication credentials. Expected OAuth 2 access token, login cookie or other valid authentication credential. See https://developers.google.com/identity/sign-in/web/devconsole-project.","status":"UNAUTHENTICATED"}}
[debug] [2024-06-04T17:08:42.961Z] HTTP Error: 401, Request had invalid authentication credentials. Expected OAuth 2 access token, login cookie or other valid authentication credential. See https://developers.google.com/identity/sign-in/web/devconsole-project.
[debug] [2024-06-04T17:08:42.962Z] Specified "public" directory "build" does not exist; Deploy to Hosting site "" may fail or be empty.
[error] 
[error] Error: Assertion failed: resolving hosting target of a site with no site name or target name. This should have caused an error earlier
